
 29/08/2024 09:09:55 Service Starting service
 29/08/2024 09:09:55 Bus Became bus client

 29/08/2024 09:09:55 Middleware::Response Success
 29/08/2024 09:09:55 Service Initializing modules

------------------------------------------------------------------------------
----------------------------------AutoLogOut----------------------------------
------------------------------------------------------------------------------
 29/08/2024 09:09:55 Client-Info Client Version: 0.12.0
 29/08/2024 09:09:55 Client-Info Client OS:      Windows
 29/08/2024 09:09:55 Client-Info Server Version: 1.5.9
 29/08/2024 09:09:55 Bus::Client Connection established
 29/08/2024 09:09:55 Middleware::Response Success
------------------------------------------------------------------------------


------------------------------------------------------------------------------
-----------------------------DefaultPrinterManager----------------------------
------------------------------------------------------------------------------
 29/08/2024 09:09:55 Client-Info Client Version: 0.12.0
 29/08/2024 09:09:55 Client-Info Client OS:      Windows
 29/08/2024 09:09:55 Client-Info Server Version: 1.5.9
 29/08/2024 09:09:55 Middleware::Response Success
------------------------------------------------------------------------------


------------------------------------------------------------------------------
--------------------------------DisplayManager--------------------------------
------------------------------------------------------------------------------
 29/08/2024 09:09:55 Client-Info Client Version: 0.12.0
 29/08/2024 09:09:55 Client-Info Client OS:      Windows
 29/08/2024 09:09:55 Client-Info Server Version: 1.5.9
 29/08/2024 09:09:55 Middleware::Response Success
 29/08/2024 09:09:55 DisplayManager ERROR: Invalid settings provided
------------------------------------------------------------------------------

 29/08/2024 09:09:55 Service Sleeping for 134 seconds
 29/08/2024 09:12:09 Middleware::Response Success

------------------------------------------------------------------------------
----------------------------------AutoLogOut----------------------------------
------------------------------------------------------------------------------
 29/08/2024 09:12:09 Client-Info Client Version: 0.12.0
 29/08/2024 09:12:09 Client-Info Client OS:      Windows
 29/08/2024 09:12:09 Client-Info Server Version: 1.5.9
 29/08/2024 09:12:09 Middleware::Response Success
------------------------------------------------------------------------------


------------------------------------------------------------------------------
-----------------------------DefaultPrinterManager----------------------------
------------------------------------------------------------------------------
 29/08/2024 09:12:09 Client-Info Client Version: 0.12.0
 29/08/2024 09:12:09 Client-Info Client OS:      Windows
 29/08/2024 09:12:09 Client-Info Server Version: 1.5.9
 29/08/2024 09:12:09 Middleware::Response Success
------------------------------------------------------------------------------


------------------------------------------------------------------------------
--------------------------------DisplayManager--------------------------------
------------------------------------------------------------------------------
 29/08/2024 09:12:09 Client-Info Client Version: 0.12.0
 29/08/2024 09:12:09 Client-Info Client OS:      Windows
 29/08/2024 09:12:09 Client-Info Server Version: 1.5.9
 29/08/2024 09:12:09 Middleware::Response Success
 29/08/2024 09:12:09 DisplayManager ERROR: Invalid settings provided
------------------------------------------------------------------------------

 29/08/2024 09:12:09 Service Sleeping for 61 seconds
 29/08/2024 09:13:10 Middleware::Response Success

------------------------------------------------------------------------------
----------------------------------AutoLogOut----------------------------------
------------------------------------------------------------------------------
 29/08/2024 09:13:10 Client-Info Client Version: 0.12.0
 29/08/2024 09:13:10 Client-Info Client OS:      Windows
 29/08/2024 09:13:10 Client-Info Server Version: 1.5.9
 29/08/2024 09:13:10 Middleware::Response Success
------------------------------------------------------------------------------


------------------------------------------------------------------------------
-----------------------------DefaultPrinterManager----------------------------
------------------------------------------------------------------------------
 29/08/2024 09:13:10 Client-Info Client Version: 0.12.0
 29/08/2024 09:13:10 Client-Info Client OS:      Windows
 29/08/2024 09:13:10 Client-Info Server Version: 1.5.9
 29/08/2024 09:13:10 Middleware::Response Success
------------------------------------------------------------------------------


------------------------------------------------------------------------------
--------------------------------DisplayManager--------------------------------
------------------------------------------------------------------------------
 29/08/2024 09:13:10 Client-Info Client Version: 0.12.0
 29/08/2024 09:13:10 Client-Info Client OS:      Windows
 29/08/2024 09:13:10 Client-Info Server Version: 1.5.9
 29/08/2024 09:13:10 Middleware::Response Success
 29/08/2024 09:13:10 DisplayManager ERROR: Invalid settings provided
------------------------------------------------------------------------------

 29/08/2024 09:13:10 Service Sleeping for 123 seconds
 29/08/2024 09:15:13 Middleware::Response Success

------------------------------------------------------------------------------
----------------------------------AutoLogOut----------------------------------
------------------------------------------------------------------------------
 29/08/2024 09:15:13 Client-Info Client Version: 0.12.0
 29/08/2024 09:15:13 Client-Info Client OS:      Windows
 29/08/2024 09:15:13 Client-Info Server Version: 1.5.9
 29/08/2024 09:15:13 Middleware::Response Success
------------------------------------------------------------------------------


------------------------------------------------------------------------------
-----------------------------DefaultPrinterManager----------------------------
------------------------------------------------------------------------------
 29/08/2024 09:15:13 Client-Info Client Version: 0.12.0
 29/08/2024 09:15:13 Client-Info Client OS:      Windows
 29/08/2024 09:15:13 Client-Info Server Version: 1.5.9
 29/08/2024 09:15:13 Middleware::Response Success
------------------------------------------------------------------------------


------------------------------------------------------------------------------
--------------------------------DisplayManager--------------------------------
------------------------------------------------------------------------------
 29/08/2024 09:15:13 Client-Info Client Version: 0.12.0
 29/08/2024 09:15:13 Client-Info Client OS:      Windows
 29/08/2024 09:15:13 Client-Info Server Version: 1.5.9
 29/08/2024 09:15:13 Middleware::Response Success
 29/08/2024 09:15:13 DisplayManager ERROR: Invalid settings provided
------------------------------------------------------------------------------

 29/08/2024 09:15:13 Service Sleeping for 77 seconds
 29/08/2024 09:16:30 Middleware::Response Success

------------------------------------------------------------------------------
----------------------------------AutoLogOut----------------------------------
------------------------------------------------------------------------------
 29/08/2024 09:16:30 Client-Info Client Version: 0.12.0
 29/08/2024 09:16:30 Client-Info Client OS:      Windows
 29/08/2024 09:16:30 Client-Info Server Version: 1.5.9
 29/08/2024 09:16:30 Middleware::Response Success
------------------------------------------------------------------------------


------------------------------------------------------------------------------
-----------------------------DefaultPrinterManager----------------------------
------------------------------------------------------------------------------
 29/08/2024 09:16:30 Client-Info Client Version: 0.12.0
 29/08/2024 09:16:30 Client-Info Client OS:      Windows
 29/08/2024 09:16:30 Client-Info Server Version: 1.5.9
 29/08/2024 09:16:30 Middleware::Response Success
------------------------------------------------------------------------------


------------------------------------------------------------------------------
--------------------------------DisplayManager--------------------------------
------------------------------------------------------------------------------
 29/08/2024 09:16:30 Client-Info Client Version: 0.12.0
 29/08/2024 09:16:30 Client-Info Client OS:      Windows
 29/08/2024 09:16:30 Client-Info Server Version: 1.5.9
 29/08/2024 09:16:30 Middleware::Response Success
 29/08/2024 09:16:30 DisplayManager ERROR: Invalid settings provided
------------------------------------------------------------------------------

 29/08/2024 09:16:30 Service Sleeping for 77 seconds
 29/08/2024 09:17:47 Middleware::Response Success

------------------------------------------------------------------------------
----------------------------------AutoLogOut----------------------------------
------------------------------------------------------------------------------
 29/08/2024 09:17:47 Client-Info Client Version: 0.12.0
 29/08/2024 09:17:47 Client-Info Client OS:      Windows
 29/08/2024 09:17:47 Client-Info Server Version: 1.5.9
 29/08/2024 09:17:47 Middleware::Response Success
------------------------------------------------------------------------------


------------------------------------------------------------------------------
-----------------------------DefaultPrinterManager----------------------------
------------------------------------------------------------------------------
 29/08/2024 09:17:47 Client-Info Client Version: 0.12.0
 29/08/2024 09:17:47 Client-Info Client OS:      Windows
 29/08/2024 09:17:47 Client-Info Server Version: 1.5.9
 29/08/2024 09:17:47 Middleware::Response Success
------------------------------------------------------------------------------


------------------------------------------------------------------------------
--------------------------------DisplayManager--------------------------------
------------------------------------------------------------------------------
 29/08/2024 09:17:47 Client-Info Client Version: 0.12.0
 29/08/2024 09:17:47 Client-Info Client OS:      Windows
 29/08/2024 09:17:47 Client-Info Server Version: 1.5.9
 29/08/2024 09:17:47 Middleware::Response Success
 29/08/2024 09:17:47 DisplayManager ERROR: Invalid settings provided
------------------------------------------------------------------------------

 29/08/2024 09:17:47 Service Sleeping for 108 seconds
 29/08/2024 09:19:35 Middleware::Response Success

------------------------------------------------------------------------------
----------------------------------AutoLogOut----------------------------------
------------------------------------------------------------------------------
 29/08/2024 09:19:36 Client-Info Client Version: 0.12.0
 29/08/2024 09:19:36 Client-Info Client OS:      Windows
 29/08/2024 09:19:36 Client-Info Server Version: 1.5.9
 29/08/2024 09:19:36 Middleware::Response Success
------------------------------------------------------------------------------


------------------------------------------------------------------------------
-----------------------------DefaultPrinterManager----------------------------
------------------------------------------------------------------------------
 29/08/2024 09:19:36 Client-Info Client Version: 0.12.0
 29/08/2024 09:19:36 Client-Info Client OS:      Windows
 29/08/2024 09:19:36 Client-Info Server Version: 1.5.9
 29/08/2024 09:19:36 Middleware::Response Success
------------------------------------------------------------------------------


------------------------------------------------------------------------------
--------------------------------DisplayManager--------------------------------
------------------------------------------------------------------------------
 29/08/2024 09:19:36 Client-Info Client Version: 0.12.0
 29/08/2024 09:19:36 Client-Info Client OS:      Windows
 29/08/2024 09:19:36 Client-Info Server Version: 1.5.9
 29/08/2024 09:19:36 Middleware::Response Success
 29/08/2024 09:19:36 DisplayManager ERROR: Invalid settings provided
------------------------------------------------------------------------------

 29/08/2024 09:19:36 Service Sleeping for 142 seconds
 29/08/2024 09:21:58 Middleware::Response Success

------------------------------------------------------------------------------
----------------------------------AutoLogOut----------------------------------
------------------------------------------------------------------------------
 29/08/2024 09:21:58 Client-Info Client Version: 0.12.0
 29/08/2024 09:21:58 Client-Info Client OS:      Windows
 29/08/2024 09:21:58 Client-Info Server Version: 1.5.9
 29/08/2024 09:21:58 Middleware::Response Success
------------------------------------------------------------------------------


------------------------------------------------------------------------------
-----------------------------DefaultPrinterManager----------------------------
------------------------------------------------------------------------------
 29/08/2024 09:22:00 Client-Info Client Version: 0.12.0
 29/08/2024 09:22:00 Client-Info Client OS:      Windows
 29/08/2024 09:22:00 Client-Info Server Version: 1.5.9
 29/08/2024 09:22:00 Middleware::Response Success
------------------------------------------------------------------------------


------------------------------------------------------------------------------
--------------------------------DisplayManager--------------------------------
------------------------------------------------------------------------------
 29/08/2024 09:22:00 Client-Info Client Version: 0.12.0
 29/08/2024 09:22:00 Client-Info Client OS:      Windows
 29/08/2024 09:22:00 Client-Info Server Version: 1.5.9
 29/08/2024 09:22:00 Middleware::Response Success
 29/08/2024 09:22:00 DisplayManager ERROR: Invalid settings provided
------------------------------------------------------------------------------

 29/08/2024 09:22:01 Service Sleeping for 116 seconds
 29/08/2024 09:23:57 Middleware::Response Success

------------------------------------------------------------------------------
----------------------------------AutoLogOut----------------------------------
------------------------------------------------------------------------------
 29/08/2024 09:23:57 Client-Info Client Version: 0.12.0
 29/08/2024 09:23:57 Client-Info Client OS:      Windows
 29/08/2024 09:23:57 Client-Info Server Version: 1.5.9
 29/08/2024 09:23:57 Middleware::Response Success
------------------------------------------------------------------------------


------------------------------------------------------------------------------
-----------------------------DefaultPrinterManager----------------------------
------------------------------------------------------------------------------
 29/08/2024 09:23:57 Client-Info Client Version: 0.12.0
 29/08/2024 09:23:57 Client-Info Client OS:      Windows
 29/08/2024 09:23:57 Client-Info Server Version: 1.5.9
 29/08/2024 09:23:57 Middleware::Response Success
------------------------------------------------------------------------------


------------------------------------------------------------------------------
--------------------------------DisplayManager--------------------------------
------------------------------------------------------------------------------
 29/08/2024 09:23:57 Client-Info Client Version: 0.12.0
 29/08/2024 09:23:57 Client-Info Client OS:      Windows
 29/08/2024 09:23:57 Client-Info Server Version: 1.5.9
 29/08/2024 09:23:57 Middleware::Response Success
 29/08/2024 09:23:57 DisplayManager ERROR: Invalid settings provided
------------------------------------------------------------------------------

 29/08/2024 09:23:57 Service Sleeping for 128 seconds
 29/08/2024 09:26:05 Middleware::Response Success

------------------------------------------------------------------------------
----------------------------------AutoLogOut----------------------------------
------------------------------------------------------------------------------
 29/08/2024 09:26:05 Client-Info Client Version: 0.12.0
 29/08/2024 09:26:05 Client-Info Client OS:      Windows
 29/08/2024 09:26:05 Client-Info Server Version: 1.5.9
 29/08/2024 09:26:05 Middleware::Response Success
------------------------------------------------------------------------------


------------------------------------------------------------------------------
-----------------------------DefaultPrinterManager----------------------------
------------------------------------------------------------------------------
 29/08/2024 09:26:05 Client-Info Client Version: 0.12.0
 29/08/2024 09:26:05 Client-Info Client OS:      Windows
 29/08/2024 09:26:05 Client-Info Server Version: 1.5.9
 29/08/2024 09:26:05 Middleware::Response Success
------------------------------------------------------------------------------


------------------------------------------------------------------------------
--------------------------------DisplayManager--------------------------------
------------------------------------------------------------------------------
 29/08/2024 09:26:05 Client-Info Client Version: 0.12.0
 29/08/2024 09:26:05 Client-Info Client OS:      Windows
 29/08/2024 09:26:05 Client-Info Server Version: 1.5.9
 29/08/2024 09:26:05 Middleware::Response Success
 29/08/2024 09:26:05 DisplayManager ERROR: Invalid settings provided
------------------------------------------------------------------------------

 29/08/2024 09:26:05 Service Sleeping for 66 seconds
 29/08/2024 09:27:11 Middleware::Response Success

------------------------------------------------------------------------------
----------------------------------AutoLogOut----------------------------------
------------------------------------------------------------------------------
 29/08/2024 09:27:11 Client-Info Client Version: 0.12.0
 29/08/2024 09:27:11 Client-Info Client OS:      Windows
 29/08/2024 09:27:11 Client-Info Server Version: 1.5.9
 29/08/2024 09:27:11 Middleware::Response Success
------------------------------------------------------------------------------


------------------------------------------------------------------------------
-----------------------------DefaultPrinterManager----------------------------
------------------------------------------------------------------------------
 29/08/2024 09:27:11 Client-Info Client Version: 0.12.0
 29/08/2024 09:27:11 Client-Info Client OS:      Windows
 29/08/2024 09:27:11 Client-Info Server Version: 1.5.9
 29/08/2024 09:27:11 Middleware::Response Success
------------------------------------------------------------------------------


------------------------------------------------------------------------------
--------------------------------DisplayManager--------------------------------
------------------------------------------------------------------------------
 29/08/2024 09:27:11 Client-Info Client Version: 0.12.0
 29/08/2024 09:27:11 Client-Info Client OS:      Windows
 29/08/2024 09:27:11 Client-Info Server Version: 1.5.9
 29/08/2024 09:27:11 Middleware::Response Success
 29/08/2024 09:27:11 DisplayManager ERROR: Invalid settings provided
------------------------------------------------------------------------------

 29/08/2024 09:27:11 Service Sleeping for 151 seconds
 29/08/2024 09:29:42 Middleware::Response Success

------------------------------------------------------------------------------
----------------------------------AutoLogOut----------------------------------
------------------------------------------------------------------------------
 29/08/2024 09:29:42 Client-Info Client Version: 0.12.0
 29/08/2024 09:29:42 Client-Info Client OS:      Windows
 29/08/2024 09:29:42 Client-Info Server Version: 1.5.9
 29/08/2024 09:29:42 Middleware::Response Success
------------------------------------------------------------------------------


------------------------------------------------------------------------------
-----------------------------DefaultPrinterManager----------------------------
------------------------------------------------------------------------------
 29/08/2024 09:29:42 Client-Info Client Version: 0.12.0
 29/08/2024 09:29:42 Client-Info Client OS:      Windows
 29/08/2024 09:29:42 Client-Info Server Version: 1.5.9
 29/08/2024 09:29:42 Middleware::Response Success
------------------------------------------------------------------------------


------------------------------------------------------------------------------
--------------------------------DisplayManager--------------------------------
------------------------------------------------------------------------------
 29/08/2024 09:29:42 Client-Info Client Version: 0.12.0
 29/08/2024 09:29:42 Client-Info Client OS:      Windows
 29/08/2024 09:29:42 Client-Info Server Version: 1.5.9
 29/08/2024 09:29:42 Middleware::Response Success
 29/08/2024 09:29:42 DisplayManager ERROR: Invalid settings provided
------------------------------------------------------------------------------

 29/08/2024 09:29:42 Service Sleeping for 112 seconds
 29/08/2024 09:31:34 Middleware::Response Success

------------------------------------------------------------------------------
----------------------------------AutoLogOut----------------------------------
------------------------------------------------------------------------------
 29/08/2024 09:31:34 Client-Info Client Version: 0.12.0
 29/08/2024 09:31:34 Client-Info Client OS:      Windows
 29/08/2024 09:31:34 Client-Info Server Version: 1.5.9
 29/08/2024 09:31:34 Middleware::Response Success
------------------------------------------------------------------------------


------------------------------------------------------------------------------
-----------------------------DefaultPrinterManager----------------------------
------------------------------------------------------------------------------
 29/08/2024 09:31:35 Client-Info Client Version: 0.12.0
 29/08/2024 09:31:35 Client-Info Client OS:      Windows
 29/08/2024 09:31:35 Client-Info Server Version: 1.5.9
 29/08/2024 09:31:35 Middleware::Response Success
------------------------------------------------------------------------------


------------------------------------------------------------------------------
--------------------------------DisplayManager--------------------------------
------------------------------------------------------------------------------
 29/08/2024 09:31:35 Client-Info Client Version: 0.12.0
 29/08/2024 09:31:35 Client-Info Client OS:      Windows
 29/08/2024 09:31:35 Client-Info Server Version: 1.5.9
 29/08/2024 09:31:35 Middleware::Response Success
 29/08/2024 09:31:35 DisplayManager ERROR: Invalid settings provided
------------------------------------------------------------------------------

 29/08/2024 09:31:35 Service Sleeping for 112 seconds
 29/08/2024 09:33:27 Middleware::Response Success

------------------------------------------------------------------------------
----------------------------------AutoLogOut----------------------------------
------------------------------------------------------------------------------
 29/08/2024 09:33:27 Client-Info Client Version: 0.12.0
 29/08/2024 09:33:27 Client-Info Client OS:      Windows
 29/08/2024 09:33:27 Client-Info Server Version: 1.5.9
 29/08/2024 09:33:27 Middleware::Response Success
------------------------------------------------------------------------------


------------------------------------------------------------------------------
-----------------------------DefaultPrinterManager----------------------------
------------------------------------------------------------------------------
 29/08/2024 09:33:27 Client-Info Client Version: 0.12.0
 29/08/2024 09:33:27 Client-Info Client OS:      Windows
 29/08/2024 09:33:27 Client-Info Server Version: 1.5.9
 29/08/2024 09:33:27 Middleware::Response Success
------------------------------------------------------------------------------


------------------------------------------------------------------------------
--------------------------------DisplayManager--------------------------------
------------------------------------------------------------------------------
 29/08/2024 09:33:27 Client-Info Client Version: 0.12.0
 29/08/2024 09:33:27 Client-Info Client OS:      Windows
 29/08/2024 09:33:27 Client-Info Server Version: 1.5.9
 29/08/2024 09:33:27 Middleware::Response Success
 29/08/2024 09:33:27 DisplayManager ERROR: Invalid settings provided
------------------------------------------------------------------------------

 29/08/2024 09:33:27 Service Sleeping for 112 seconds
 29/08/2024 09:35:19 Middleware::Response Success

------------------------------------------------------------------------------
----------------------------------AutoLogOut----------------------------------
------------------------------------------------------------------------------
 29/08/2024 09:35:19 Client-Info Client Version: 0.12.0
 29/08/2024 09:35:19 Client-Info Client OS:      Windows
 29/08/2024 09:35:19 Client-Info Server Version: 1.5.9
 29/08/2024 09:35:19 Middleware::Response Success
------------------------------------------------------------------------------


------------------------------------------------------------------------------
-----------------------------DefaultPrinterManager----------------------------
------------------------------------------------------------------------------
 29/08/2024 09:35:19 Client-Info Client Version: 0.12.0
 29/08/2024 09:35:19 Client-Info Client OS:      Windows
 29/08/2024 09:35:19 Client-Info Server Version: 1.5.9
 29/08/2024 09:35:19 Middleware::Response Success
------------------------------------------------------------------------------


------------------------------------------------------------------------------
--------------------------------DisplayManager--------------------------------
------------------------------------------------------------------------------
 29/08/2024 09:35:19 Client-Info Client Version: 0.12.0
 29/08/2024 09:35:19 Client-Info Client OS:      Windows
 29/08/2024 09:35:19 Client-Info Server Version: 1.5.9
 29/08/2024 09:35:19 Middleware::Response Success
 29/08/2024 09:35:19 DisplayManager ERROR: Invalid settings provided
------------------------------------------------------------------------------

 29/08/2024 09:35:19 Service Sleeping for 140 seconds
 29/08/2024 09:37:39 Middleware::Response Success

------------------------------------------------------------------------------
----------------------------------AutoLogOut----------------------------------
------------------------------------------------------------------------------
 29/08/2024 09:37:39 Client-Info Client Version: 0.12.0
 29/08/2024 09:37:39 Client-Info Client OS:      Windows
 29/08/2024 09:37:39 Client-Info Server Version: 1.5.9
 29/08/2024 09:37:39 Middleware::Response Success
------------------------------------------------------------------------------


------------------------------------------------------------------------------
-----------------------------DefaultPrinterManager----------------------------
------------------------------------------------------------------------------
 29/08/2024 09:37:39 Client-Info Client Version: 0.12.0
 29/08/2024 09:37:39 Client-Info Client OS:      Windows
 29/08/2024 09:37:39 Client-Info Server Version: 1.5.9
 29/08/2024 09:37:39 Middleware::Response Success
------------------------------------------------------------------------------


------------------------------------------------------------------------------
--------------------------------DisplayManager--------------------------------
------------------------------------------------------------------------------
 29/08/2024 09:37:39 Client-Info Client Version: 0.12.0
 29/08/2024 09:37:39 Client-Info Client OS:      Windows
 29/08/2024 09:37:39 Client-Info Server Version: 1.5.9
 29/08/2024 09:37:39 Middleware::Response Success
 29/08/2024 09:37:39 DisplayManager ERROR: Invalid settings provided
------------------------------------------------------------------------------

 29/08/2024 09:37:39 Service Sleeping for 106 seconds
